21-Apr-2026 16:05:31.633 INFO [main] org.apache.catalina.core.ApplicationContext.log ContextListener: contextInitialized()
21-Apr-2026 16:05:31.633 INFO [main] org.apache.catalina.core.ApplicationContext.log SessionListener: contextInitialized()
21-Apr-2026 16:05:31.634 INFO [main] org.apache.catalina.core.ApplicationContext.log ContextListener: attributeAdded('StockTicker', 'async.Stockticker@7fd32c56')
21-Apr-2026 16:05:35.656 SEVERE [http-nio-8080-exec-1] org.apache.catalina.core.StandardWrapperValve.invoke Servlet.service() for servlet [Jersey RESTful Application] in context with path [/LibraryServer] threw exception [A MultiException has 2 exceptions.  They are:
1. java.lang.ExceptionInInitializerError
2. java.lang.IllegalStateException: Unable to perform operation: create on org.unibl.etf.mdp.libraryserver.api.UserController
] with root cause
	java.lang.NullPointerException
		at java.base/java.util.Objects.requireNonNull(Objects.java:233)
		at java.base/sun.nio.fs.WindowsFileSystem.getPath(WindowsFileSystem.java:215)
		at java.base/java.nio.file.Path.of(Path.java:148)
		at java.base/java.nio.file.Paths.get(Paths.java:69)
		at org.unibl.etf.mdp.libraryserver.logger.FileLogger.getLogger(FileLogger.java:24)
		at org.unibl.etf.mdp.libraryserver.repository.UserRepository.<clinit>(UserRepository.java:19)
		at org.unibl.etf.mdp.libraryserver.service.UserService.<init>(UserService.java:14)
		at org.unibl.etf.mdp.libraryserver.api.UserController.<init>(UserController.java:17)
		at java.base/jdk.internal.reflect.DirectConstructorHandleAccessor.newInstance(DirectConstructorHandleAccessor.java:62)
		at java.base/java.lang.reflect.Constructor.newInstanceWithCaller(Constructor.java:502)
		at java.base/java.lang.reflect.Constructor.newInstance(Constructor.java:486)
		at org.glassfish.hk2.utilities.reflection.ReflectionHelper.makeMe(ReflectionHelper.java:1375)
		at org.jvnet.hk2.internal.ClazzCreator.createMe(ClazzCreator.java:272)
		at org.jvnet.hk2.internal.ClazzCreator.create(ClazzCreator.java:366)
		at org.jvnet.hk2.internal.SystemDescriptor.create(SystemDescriptor.java:487)
		at org.glassfish.jersey.inject.hk2.RequestContext.findOrCreate(RequestContext.java:83)
		at org.jvnet.hk2.internal.Utilities.createService(Utilities.java:2126)
		at org.jvnet.hk2.internal.ServiceLocatorImpl.internalGetService(ServiceLocatorImpl.java:777)
		at org.jvnet.hk2.internal.ServiceLocatorImpl.internalGetService(ServiceLocatorImpl.java:740)
		at org.jvnet.hk2.internal.ServiceLocatorImpl.getService(ServiceLocatorImpl.java:710)
		at org.glassfish.jersey.inject.hk2.AbstractHk2InjectionManager.getInstance(AbstractHk2InjectionManager.java:184)
		at org.glassfish.jersey.inject.hk2.ImmediateHk2InjectionManager.getInstance(ImmediateHk2InjectionManager.java:54)
		at org.glassfish.jersey.internal.inject.Injections.getOrCreate(Injections.java:129)
		at org.glassfish.jersey.server.model.MethodHandler$ClassBasedMethodHandler.getInstance(MethodHandler.java:284)
		at org.glassfish.jersey.server.internal.routing.PushMethodHandlerRouter.apply(PushMethodHandlerRouter.java:75)
		at org.glassfish.jersey.server.internal.routing.RoutingStage._apply(RoutingStage.java:110)
		at org.glassfish.jersey.server.internal.routing.RoutingStage._apply(RoutingStage.java:113)
		at org.glassfish.jersey.server.internal.routing.RoutingStage._apply(RoutingStage.java:113)
		at org.glassfish.jersey.server.internal.routing.RoutingStage._apply(RoutingStage.java:113)
		at org.glassfish.jersey.server.internal.routing.RoutingStage.apply(RoutingStage.java:93)
		at org.glassfish.jersey.server.internal.routing.RoutingStage.apply(RoutingStage.java:62)
		at org.glassfish.jersey.process.internal.Stages.process(Stages.java:197)
		at org.glassfish.jersey.server.ServerRuntime$1.run(ServerRuntime.java:269)
		at org.glassfish.jersey.internal.Errors$1.call(Errors.java:272)
		at org.glassfish.jersey.internal.Errors$1.call(Errors.java:268)
		at org.glassfish.jersey.internal.Errors.process(Errors.java:316)
		at org.glassfish.jersey.internal.Errors.process(Errors.java:298)
		at org.glassfish.jersey.internal.Errors.process(Errors.java:268)
		at org.glassfish.jersey.process.internal.RequestScope.runInScope(RequestScope.java:289)
		at org.glassfish.jersey.server.ServerRuntime.process(ServerRuntime.java:256)
		at org.glassfish.jersey.server.ApplicationHandler.handle(ApplicationHandler.java:703)
		at org.glassfish.jersey.servlet.WebComponent.serviceImpl(WebComponent.java:416)
		at org.glassfish.jersey.servlet.WebComponent.service(WebComponent.java:370)
		at org.glassfish.jersey.servlet.ServletContainer.service(ServletContainer.java:389)
		at org.glassfish.jersey.servlet.ServletContainer.service(ServletContainer.java:342)
		at org.glassfish.jersey.servlet.ServletContainer.service(ServletContainer.java:229)
		at org.apache.catalina.core.ApplicationFilterChain.internalDoFilter(ApplicationFilterChain.java:197)
		at org.apache.catalina.core.ApplicationFilterChain.doFilter(ApplicationFilterChain.java:142)
		at org.apache.tomcat.websocket.server.WsFilter.doFilter(WsFilter.java:51)
		at org.apache.catalina.core.ApplicationFilterChain.internalDoFilter(ApplicationFilterChain.java:166)
		at org.apache.catalina.core.ApplicationFilterChain.doFilter(ApplicationFilterChain.java:142)
		at org.apache.catalina.core.StandardWrapperValve.invoke(StandardWrapperValve.java:166)
		at org.apache.catalina.core.StandardContextValve.invoke(StandardContextValve.java:88)
		at org.apache.catalina.authenticator.AuthenticatorBase.invoke(AuthenticatorBase.java:491)
		at org.apache.catalina.core.StandardHostValve.invoke(StandardHostValve.java:127)
		at org.apache.catalina.valves.ErrorReportValve.invoke(ErrorReportValve.java:83)
		at org.apache.catalina.valves.AbstractAccessLogValve.invoke(AbstractAccessLogValve.java:643)
		at org.apache.catalina.core.StandardEngineValve.invoke(StandardEngineValve.java:72)
		at org.apache.catalina.connector.CoyoteAdapter.service(CoyoteAdapter.java:344)
		at org.apache.coyote.http11.Http11Processor.service(Http11Processor.java:398)
		at org.apache.coyote.AbstractProcessorLight.process(AbstractProcessorLight.java:63)
		at org.apache.coyote.AbstractProtocol$ConnectionHandler.process(AbstractProtocol.java:939)
		at org.apache.tomcat.util.net.NioEndpoint$SocketProcessor.doRun(NioEndpoint.java:1854)
		at org.apache.tomcat.util.net.SocketProcessorBase.run(SocketProcessorBase.java:52)
		at org.apache.tomcat.util.threads.ThreadPoolExecutor.runWorker(ThreadPoolExecutor.java:973)
		at org.apache.tomcat.util.threads.ThreadPoolExecutor$Worker.run(ThreadPoolExecutor.java:491)
		at org.apache.tomcat.util.threads.TaskThread$WrappingRunnable.run(TaskThread.java:63)
		at java.base/java.lang.Thread.run(Thread.java:1583)
21-Apr-2026 16:06:10.433 INFO [Thread-1] org.apache.catalina.core.ApplicationContext.log SessionListener: contextDestroyed()
21-Apr-2026 16:06:10.433 INFO [Thread-1] org.apache.catalina.core.ApplicationContext.log ContextListener: contextDestroyed()
21-Apr-2026 16:06:25.876 INFO [main] org.apache.catalina.core.ApplicationContext.log ContextListener: contextInitialized()
21-Apr-2026 16:06:25.876 INFO [main] org.apache.catalina.core.ApplicationContext.log SessionListener: contextInitialized()
21-Apr-2026 16:06:25.878 INFO [main] org.apache.catalina.core.ApplicationContext.log ContextListener: attributeAdded('StockTicker', 'async.Stockticker@7fd32c56')
21-Apr-2026 16:07:37.160 INFO [Thread-1] org.apache.catalina.core.ApplicationContext.log SessionListener: contextDestroyed()
21-Apr-2026 16:07:37.160 INFO [Thread-1] org.apache.catalina.core.ApplicationContext.log ContextListener: contextDestroyed()
21-Apr-2026 16:08:08.906 INFO [main] org.apache.catalina.core.ApplicationContext.log ContextListener: contextInitialized()
21-Apr-2026 16:08:08.906 INFO [main] org.apache.catalina.core.ApplicationContext.log SessionListener: contextInitialized()
21-Apr-2026 16:08:08.908 INFO [main] org.apache.catalina.core.ApplicationContext.log ContextListener: attributeAdded('StockTicker', 'async.Stockticker@3dc39412')
21-Apr-2026 16:14:11.423 INFO [Thread-1] org.apache.catalina.core.ApplicationContext.log SessionListener: contextDestroyed()
21-Apr-2026 16:14:11.423 INFO [Thread-1] org.apache.catalina.core.ApplicationContext.log ContextListener: contextDestroyed()
21-Apr-2026 19:36:53.414 INFO [main] org.apache.catalina.core.ApplicationContext.log ContextListener: contextInitialized()
21-Apr-2026 19:36:53.414 INFO [main] org.apache.catalina.core.ApplicationContext.log SessionListener: contextInitialized()
21-Apr-2026 19:36:53.415 INFO [main] org.apache.catalina.core.ApplicationContext.log ContextListener: attributeAdded('StockTicker', 'async.Stockticker@3095d06b')
21-Apr-2026 19:51:28.903 INFO [main] org.apache.catalina.core.ApplicationContext.log ContextListener: contextInitialized()
21-Apr-2026 19:51:28.903 INFO [main] org.apache.catalina.core.ApplicationContext.log SessionListener: contextInitialized()
21-Apr-2026 19:51:28.905 INFO [main] org.apache.catalina.core.ApplicationContext.log ContextListener: attributeAdded('StockTicker', 'async.Stockticker@3ac326c0')
21-Apr-2026 22:05:14.541 INFO [main] org.apache.catalina.core.ApplicationContext.log ContextListener: contextInitialized()
21-Apr-2026 22:05:14.541 INFO [main] org.apache.catalina.core.ApplicationContext.log SessionListener: contextInitialized()
21-Apr-2026 22:05:14.542 INFO [main] org.apache.catalina.core.ApplicationContext.log ContextListener: attributeAdded('StockTicker', 'async.Stockticker@19355a56')
21-Apr-2026 22:29:25.456 INFO [main] org.apache.catalina.core.ApplicationContext.log ContextListener: contextInitialized()
21-Apr-2026 22:29:25.457 INFO [main] org.apache.catalina.core.ApplicationContext.log SessionListener: contextInitialized()
21-Apr-2026 22:29:25.458 INFO [main] org.apache.catalina.core.ApplicationContext.log ContextListener: attributeAdded('StockTicker', 'async.Stockticker@4fe9a396')
21-Apr-2026 22:29:25.541 INFO [main] org.apache.catalina.core.ApplicationContext.log SessionListener: contextDestroyed()
21-Apr-2026 22:29:25.541 INFO [main] org.apache.catalina.core.ApplicationContext.log ContextListener: contextDestroyed()
21-Apr-2026 22:29:45.931 INFO [main] org.apache.catalina.core.ApplicationContext.log ContextListener: contextInitialized()
21-Apr-2026 22:29:45.931 INFO [main] org.apache.catalina.core.ApplicationContext.log SessionListener: contextInitialized()
21-Apr-2026 22:29:45.933 INFO [main] org.apache.catalina.core.ApplicationContext.log ContextListener: attributeAdded('StockTicker', 'async.Stockticker@5b028f58')
21-Apr-2026 22:29:46.026 INFO [main] org.apache.catalina.core.ApplicationContext.log SessionListener: contextDestroyed()
21-Apr-2026 22:29:46.026 INFO [main] org.apache.catalina.core.ApplicationContext.log ContextListener: contextDestroyed()
21-Apr-2026 22:29:51.933 INFO [main] org.apache.catalina.core.ApplicationContext.log ContextListener: contextInitialized()
21-Apr-2026 22:29:51.933 INFO [main] org.apache.catalina.core.ApplicationContext.log SessionListener: contextInitialized()
21-Apr-2026 22:29:51.934 INFO [main] org.apache.catalina.core.ApplicationContext.log ContextListener: attributeAdded('StockTicker', 'async.Stockticker@61648dd2')
21-Apr-2026 22:29:52.015 INFO [main] org.apache.catalina.core.ApplicationContext.log SessionListener: contextDestroyed()
21-Apr-2026 22:29:52.015 INFO [main] org.apache.catalina.core.ApplicationContext.log ContextListener: contextDestroyed()
21-Apr-2026 22:29:55.369 INFO [main] org.apache.catalina.core.ApplicationContext.log ContextListener: contextInitialized()
21-Apr-2026 22:29:55.369 INFO [main] org.apache.catalina.core.ApplicationContext.log SessionListener: contextInitialized()
21-Apr-2026 22:29:55.370 INFO [main] org.apache.catalina.core.ApplicationContext.log ContextListener: attributeAdded('StockTicker', 'async.Stockticker@2ee1b017')
21-Apr-2026 22:29:55.453 INFO [main] org.apache.catalina.core.ApplicationContext.log SessionListener: contextDestroyed()
21-Apr-2026 22:29:55.453 INFO [main] org.apache.catalina.core.ApplicationContext.log ContextListener: contextDestroyed()
21-Apr-2026 22:30:27.476 INFO [main] org.apache.catalina.core.ApplicationContext.log ContextListener: contextInitialized()
21-Apr-2026 22:30:27.476 INFO [main] org.apache.catalina.core.ApplicationContext.log SessionListener: contextInitialized()
21-Apr-2026 22:30:27.478 INFO [main] org.apache.catalina.core.ApplicationContext.log ContextListener: attributeAdded('StockTicker', 'async.Stockticker@1504b493')
21-Apr-2026 22:30:27.575 INFO [main] org.apache.catalina.core.ApplicationContext.log SessionListener: contextDestroyed()
21-Apr-2026 22:30:27.575 INFO [main] org.apache.catalina.core.ApplicationContext.log ContextListener: contextDestroyed()
21-Apr-2026 22:31:15.781 INFO [main] org.apache.catalina.core.ApplicationContext.log ContextListener: contextInitialized()
21-Apr-2026 22:31:15.781 INFO [main] org.apache.catalina.core.ApplicationContext.log SessionListener: contextInitialized()
21-Apr-2026 22:31:15.782 INFO [main] org.apache.catalina.core.ApplicationContext.log ContextListener: attributeAdded('StockTicker', 'async.Stockticker@19355a56')
21-Apr-2026 22:54:05.004 INFO [Thread-1] org.apache.catalina.core.ApplicationContext.log SessionListener: contextDestroyed()
21-Apr-2026 22:54:05.004 INFO [Thread-1] org.apache.catalina.core.ApplicationContext.log ContextListener: contextDestroyed()
21-Apr-2026 22:58:43.818 INFO [main] org.apache.catalina.core.ApplicationContext.log ContextListener: contextInitialized()
21-Apr-2026 22:58:43.818 INFO [main] org.apache.catalina.core.ApplicationContext.log SessionListener: contextInitialized()
21-Apr-2026 22:58:43.818 INFO [main] org.apache.catalina.core.ApplicationContext.log ContextListener: attributeAdded('StockTicker', 'async.Stockticker@58ca6ba3')
21-Apr-2026 22:59:47.423 INFO [main] org.apache.catalina.core.ApplicationContext.log ContextListener: contextInitialized()
21-Apr-2026 22:59:47.423 INFO [main] org.apache.catalina.core.ApplicationContext.log SessionListener: contextInitialized()
21-Apr-2026 22:59:47.424 INFO [main] org.apache.catalina.core.ApplicationContext.log ContextListener: attributeAdded('StockTicker', 'async.Stockticker@19355a56')
